<?xml version="1.0" encoding="UTF-8"?>
<!-- Generated by org.testng.reporters.JUnitXMLReporter -->
<testsuite ignored="2" hostname="SAIKUMAR" failures="1" tests="1" name="Test" time="0.046" errors="0" timestamp="2023-10-11T08:13:19 IST">
  <testcase classname="com.qa.testscript.TestBase" name="@BeforeTest setup" time="-1.696992199608E9">
    <failure type="org.testng.TestNGException" message="
Parameter &amp;apos;inputPDFUrl&amp;apos; is required by BeforeTest on method setup but has not been marked @Optional or defined
in C:\Users\saiku\git\SeleniumPdf\testng.xml">
      <![CDATA[org.testng.TestNGException: 
Parameter 'inputPDFUrl' is required by BeforeTest on method setup but has not been marked @Optional or defined
in C:\Users\saiku\git\SeleniumPdf\testng.xml
... Removed 21 stack frames]]>
    </failure>
  </testcase> <!-- @BeforeTest setup -->
  <testcase classname="com.qa.testscript.TestBase" name="@AfterTest tearDown" time="0.0">
    <skipped/>
  </testcase> <!-- @AfterTest tearDown -->
  <testcase classname="com.qa.testscript.TC01_PDFTextReaderandValidator" name="PDFTextReader" time="0.0">
    <failure type="org.testng.TestNGException" message="
Parameter &amp;apos;inputPDFUrl&amp;apos; is required by @Test on method PDFTextReader but has not been marked @Optional or defined
in C:\Users\saiku\git\SeleniumPdf\testng.xml">
      <![CDATA[org.testng.TestNGException: 
Parameter 'inputPDFUrl' is required by @Test on method PDFTextReader but has not been marked @Optional or defined
in C:\Users\saiku\git\SeleniumPdf\testng.xml
at java.base/java.util.ArrayList.forEach(ArrayList.java:1596)
... Removed 26 stack frames]]>
    </failure>
  </testcase> <!-- PDFTextReader -->
  <testcase classname="com.qa.testscript.TestBase" name="@AfterTest tearDown" time="0.0">
    <ignored/>
  </testcase> <!-- @AfterTest tearDown -->
  <testcase classname="com.qa.testscript.TestBase" name="@BeforeTest setup" time="0.0">
    <ignored/>
  </testcase> <!-- @BeforeTest setup -->
</testsuite> <!-- Test -->
